[2020-02-02 02:42:11 +0000] [17] [ERROR] Error handling request /api/v2/themes/
Traceback (most recent call last):
  File "/app/app/app.py", line 72, in task_processing_themes_processing_v2
    result = get_similar_tovar_v2(class_p=class_p, class_t=class_t, text = get_text)
  File "/app/app/search.py", line 182, in get_similar_tovar_v2
    similar_tovar = data[data['Id'].isin(similar_tovar_id)]
UnboundLocalError: local variable 'data' referenced before assignment

During handling of the above exception, another exception occurred:

Traceback (most recent call last):
  File "/usr/local/lib/python3.6/site-packages/gunicorn/workers/base_async.py", line 55, in handle
    self.handle_request(listener_name, req, client, addr)
  File "/usr/local/lib/python3.6/site-packages/gunicorn/workers/ggevent.py", line 143, in handle_request
    super().handle_request(listener_name, req, sock, addr)
  File "/usr/local/lib/python3.6/site-packages/gunicorn/workers/base_async.py", line 106, in handle_request
    respiter = self.wsgi(environ, resp.start_response)
  File "/usr/local/lib/python3.6/site-packages/flask/app.py", line 2309, in __call__
    return self.wsgi_app(environ, start_response)
  File "/usr/local/lib/python3.6/site-packages/flask/app.py", line 2295, in wsgi_app
    response = self.handle_exception(e)
  File "/usr/local/lib/python3.6/site-packages/flask_cors/extension.py", line 161, in wrapped_function
    return cors_after_request(app.make_response(f(*args, **kwargs)))
  File "/usr/local/lib/python3.6/site-packages/flask/app.py", line 1741, in handle_exception
    reraise(exc_type, exc_value, tb)
  File "/usr/local/lib/python3.6/site-packages/flask/_compat.py", line 35, in reraise
    raise value
  File "/usr/local/lib/python3.6/site-packages/flask/app.py", line 2292, in wsgi_app
    response = self.full_dispatch_request()
  File "/usr/local/lib/python3.6/site-packages/flask/app.py", line 1815, in full_dispatch_request
    rv = self.handle_user_exception(e)
  File "/usr/local/lib/python3.6/site-packages/flask_cors/extension.py", line 161, in wrapped_function
    return cors_after_request(app.make_response(f(*args, **kwargs)))
  File "/usr/local/lib/python3.6/site-packages/flask/app.py", line 1718, in handle_user_exception
    reraise(exc_type, exc_value, tb)
  File "/usr/local/lib/python3.6/site-packages/flask/_compat.py", line 35, in reraise
    raise value
  File "/usr/local/lib/python3.6/site-packages/flask/app.py", line 1813, in full_dispatch_request
    rv = self.dispatch_request()
  File "/usr/local/lib/python3.6/site-packages/flask/app.py", line 1799, in dispatch_request
    return self.view_functions[rule.endpoint](**req.view_args)
  File "/usr/local/lib/python3.6/site-packages/flask_cors/decorator.py", line 128, in wrapped_function
    resp = make_response(f(*args, **kwargs))
  File "/app/app/app.py", line 79, in task_processing_themes_processing_v2
    get_texts = req['texts']
KeyError: 'texts'
[2020-02-02 02:44:18 +0000] [17] [INFO] Worker reloading: /app/app/search.py modified
[2020-02-02 02:44:18 +0000] [17] [INFO] Worker exiting (pid: 17)
[2020-02-02 02:44:19 +0000] [15] [INFO] Worker reloading: /app/app/search.py modified
[2020-02-02 02:44:19 +0000] [15] [INFO] Worker exiting (pid: 15)
[2020-02-02 02:44:19 +0000] [16] [INFO] Worker reloading: /app/app/search.py modified
[2020-02-02 02:44:19 +0000] [16] [INFO] Worker exiting (pid: 16)
[2020-02-02 02:44:19 +0000] [19] [INFO] Booting worker with pid: 19
[2020-02-02 02:44:20 +0000] [20] [INFO] Booting worker with pid: 20
[2020-02-02 02:44:20 +0000] [21] [INFO] Booting worker with pid: 21
[2020-02-02 02:45:09 +0000] [19] [INFO] Worker reloading: /app/app/search.py modified
[2020-02-02 02:45:09 +0000] [19] [INFO] Worker exiting (pid: 19)
[2020-02-02 02:45:10 +0000] [20] [INFO] Worker reloading: /app/app/search.py modified
[2020-02-02 02:45:10 +0000] [20] [INFO] Worker exiting (pid: 20)
[2020-02-02 02:45:10 +0000] [21] [INFO] Worker reloading: /app/app/search.py modified
[2020-02-02 02:45:10 +0000] [21] [INFO] Worker exiting (pid: 21)
[2020-02-02 02:45:11 +0000] [22] [INFO] Booting worker with pid: 22
[2020-02-02 02:45:11 +0000] [23] [INFO] Booting worker with pid: 23
[2020-02-02 02:45:11 +0000] [24] [INFO] Booting worker with pid: 24
[2020-02-02 02:45:35 +0000] [23] [INFO] Worker reloading: /app/app/search.py modified
[2020-02-02 02:45:35 +0000] [23] [INFO] Worker exiting (pid: 23)
[2020-02-02 02:45:35 +0000] [24] [INFO] Worker reloading: /app/app/search.py modified
[2020-02-02 02:45:35 +0000] [24] [INFO] Worker exiting (pid: 24)
[2020-02-02 02:45:35 +0000] [22] [INFO] Worker reloading: /app/app/search.py modified
[2020-02-02 02:45:35 +0000] [22] [INFO] Worker exiting (pid: 22)
[2020-02-02 02:45:36 +0000] [25] [INFO] Booting worker with pid: 25
[2020-02-02 02:45:36 +0000] [26] [INFO] Booting worker with pid: 26
[2020-02-02 02:45:36 +0000] [27] [INFO] Booting worker with pid: 27
[2020-02-02 02:47:16 +0000] [10] [INFO] Starting gunicorn 20.0.4
[2020-02-02 02:47:16 +0000] [10] [INFO] Listening at: http://0.0.0.0:7777 (10)
[2020-02-02 02:47:16 +0000] [10] [INFO] Using worker: gevent
[2020-02-02 02:47:16 +0000] [17] [INFO] Booting worker with pid: 17
[2020-02-02 02:47:16 +0000] [18] [INFO] Booting worker with pid: 18
[2020-02-02 02:47:16 +0000] [19] [INFO] Booting worker with pid: 19
[2020-02-02 02:48:01 +0000] [17] [ERROR] Error handling request /api/v2/themes/
Traceback (most recent call last):
  File "/app/app/app.py", line 72, in task_processing_themes_processing_v2
    result = get_similar_tovar_v2(class_p=class_p, class_t=class_t, text = get_text)
  File "/app/app/search.py", line 182, in get_similar_tovar_v2
    similar_tovar = data[data['Id'].isin(similar_tovar_id)]
UnboundLocalError: local variable 'data' referenced before assignment

During handling of the above exception, another exception occurred:

Traceback (most recent call last):
  File "/usr/local/lib/python3.6/site-packages/gunicorn/workers/base_async.py", line 55, in handle
    self.handle_request(listener_name, req, client, addr)
  File "/usr/local/lib/python3.6/site-packages/gunicorn/workers/ggevent.py", line 143, in handle_request
    super().handle_request(listener_name, req, sock, addr)
  File "/usr/local/lib/python3.6/site-packages/gunicorn/workers/base_async.py", line 106, in handle_request
    respiter = self.wsgi(environ, resp.start_response)
  File "/usr/local/lib/python3.6/site-packages/flask/app.py", line 2309, in __call__
    return self.wsgi_app(environ, start_response)
  File "/usr/local/lib/python3.6/site-packages/flask/app.py", line 2295, in wsgi_app
    response = self.handle_exception(e)
  File "/usr/local/lib/python3.6/site-packages/flask_cors/extension.py", line 161, in wrapped_function
    return cors_after_request(app.make_response(f(*args, **kwargs)))
  File "/usr/local/lib/python3.6/site-packages/flask/app.py", line 1741, in handle_exception
    reraise(exc_type, exc_value, tb)
  File "/usr/local/lib/python3.6/site-packages/flask/_compat.py", line 35, in reraise
    raise value
  File "/usr/local/lib/python3.6/site-packages/flask/app.py", line 2292, in wsgi_app
    response = self.full_dispatch_request()
  File "/usr/local/lib/python3.6/site-packages/flask/app.py", line 1815, in full_dispatch_request
    rv = self.handle_user_exception(e)
  File "/usr/local/lib/python3.6/site-packages/flask_cors/extension.py", line 161, in wrapped_function
    return cors_after_request(app.make_response(f(*args, **kwargs)))
  File "/usr/local/lib/python3.6/site-packages/flask/app.py", line 1718, in handle_user_exception
    reraise(exc_type, exc_value, tb)
  File "/usr/local/lib/python3.6/site-packages/flask/_compat.py", line 35, in reraise
    raise value
  File "/usr/local/lib/python3.6/site-packages/flask/app.py", line 1813, in full_dispatch_request
    rv = self.dispatch_request()
  File "/usr/local/lib/python3.6/site-packages/flask/app.py", line 1799, in dispatch_request
    return self.view_functions[rule.endpoint](**req.view_args)
  File "/usr/local/lib/python3.6/site-packages/flask_cors/decorator.py", line 128, in wrapped_function
    resp = make_response(f(*args, **kwargs))
  File "/app/app/app.py", line 79, in task_processing_themes_processing_v2
    get_texts = req['texts']
KeyError: 'texts'
[2020-02-02 02:52:05 +0000] [17] [INFO] Worker reloading: /app/app/search.py modified
[2020-02-02 02:52:05 +0000] [17] [INFO] Worker exiting (pid: 17)
[2020-02-02 02:52:06 +0000] [18] [INFO] Worker reloading: /app/app/search.py modified
[2020-02-02 02:52:06 +0000] [18] [INFO] Worker exiting (pid: 18)
[2020-02-02 02:52:06 +0000] [19] [INFO] Worker reloading: /app/app/search.py modified
[2020-02-02 02:52:06 +0000] [19] [INFO] Worker exiting (pid: 19)
[2020-02-02 02:52:06 +0000] [21] [INFO] Booting worker with pid: 21
[2020-02-02 02:52:07 +0000] [23] [INFO] Booting worker with pid: 23
[2020-02-02 02:52:07 +0000] [24] [INFO] Booting worker with pid: 24
[2020-02-02 02:53:20 +0000] [9] [INFO] Starting gunicorn 20.0.4
[2020-02-02 02:53:20 +0000] [9] [INFO] Listening at: http://0.0.0.0:7777 (9)
[2020-02-02 02:53:20 +0000] [9] [INFO] Using worker: gevent
[2020-02-02 02:53:20 +0000] [16] [INFO] Booting worker with pid: 16
[2020-02-02 02:53:20 +0000] [17] [INFO] Booting worker with pid: 17
[2020-02-02 02:53:20 +0000] [18] [INFO] Booting worker with pid: 18
[2020-02-02 02:54:09 +0000] [18] [ERROR] Error handling request /api/v2/themes/
Traceback (most recent call last):
  File "/app/app/app.py", line 72, in task_processing_themes_processing_v2
    result = get_similar_tovar_v2(class_p=class_p, class_t=class_t, text = get_text)
  File "/app/app/search.py", line 199, in get_similar_tovar_v2
    new_stroke = " ".join(new_words)
TypeError: sequence item 0: expected str instance, list found

During handling of the above exception, another exception occurred:

Traceback (most recent call last):
  File "/usr/local/lib/python3.6/site-packages/gunicorn/workers/base_async.py", line 55, in handle
    self.handle_request(listener_name, req, client, addr)
  File "/usr/local/lib/python3.6/site-packages/gunicorn/workers/ggevent.py", line 143, in handle_request
    super().handle_request(listener_name, req, sock, addr)
  File "/usr/local/lib/python3.6/site-packages/gunicorn/workers/base_async.py", line 106, in handle_request
    respiter = self.wsgi(environ, resp.start_response)
  File "/usr/local/lib/python3.6/site-packages/flask/app.py", line 2309, in __call__
    return self.wsgi_app(environ, start_response)
  File "/usr/local/lib/python3.6/site-packages/flask/app.py", line 2295, in wsgi_app
    response = self.handle_exception(e)
  File "/usr/local/lib/python3.6/site-packages/flask_cors/extension.py", line 161, in wrapped_function
    return cors_after_request(app.make_response(f(*args, **kwargs)))
  File "/usr/local/lib/python3.6/site-packages/flask/app.py", line 1741, in handle_exception
    reraise(exc_type, exc_value, tb)
  File "/usr/local/lib/python3.6/site-packages/flask/_compat.py", line 35, in reraise
    raise value
  File "/usr/local/lib/python3.6/site-packages/flask/app.py", line 2292, in wsgi_app
    response = self.full_dispatch_request()
  File "/usr/local/lib/python3.6/site-packages/flask/app.py", line 1815, in full_dispatch_request
    rv = self.handle_user_exception(e)
  File "/usr/local/lib/python3.6/site-packages/flask_cors/extension.py", line 161, in wrapped_function
    return cors_after_request(app.make_response(f(*args, **kwargs)))
  File "/usr/local/lib/python3.6/site-packages/flask/app.py", line 1718, in handle_user_exception
    reraise(exc_type, exc_value, tb)
  File "/usr/local/lib/python3.6/site-packages/flask/_compat.py", line 35, in reraise
    raise value
  File "/usr/local/lib/python3.6/site-packages/flask/app.py", line 1813, in full_dispatch_request
    rv = self.dispatch_request()
  File "/usr/local/lib/python3.6/site-packages/flask/app.py", line 1799, in dispatch_request
    return self.view_functions[rule.endpoint](**req.view_args)
  File "/usr/local/lib/python3.6/site-packages/flask_cors/decorator.py", line 128, in wrapped_function
    resp = make_response(f(*args, **kwargs))
  File "/app/app/app.py", line 79, in task_processing_themes_processing_v2
    get_texts = req['texts']
KeyError: 'texts'
[2020-02-02 02:59:18 +0000] [17] [INFO] Worker reloading: /app/app/search.py modified
[2020-02-02 02:59:18 +0000] [17] [INFO] Worker exiting (pid: 17)
[2020-02-02 02:59:18 +0000] [18] [INFO] Worker reloading: /app/app/search.py modified
[2020-02-02 02:59:18 +0000] [18] [INFO] Worker exiting (pid: 18)
[2020-02-02 02:59:18 +0000] [16] [INFO] Worker reloading: /app/app/search.py modified
[2020-02-02 02:59:18 +0000] [16] [INFO] Worker exiting (pid: 16)
[2020-02-02 02:59:19 +0000] [21] [INFO] Booting worker with pid: 21
[2020-02-02 02:59:19 +0000] [22] [INFO] Booting worker with pid: 22
[2020-02-02 02:59:19 +0000] [23] [INFO] Booting worker with pid: 23
[2020-02-02 03:06:51 +0000] [22] [INFO] Worker reloading: /app/app/search.py modified
[2020-02-02 03:06:51 +0000] [21] [INFO] Worker reloading: /app/app/search.py modified
[2020-02-02 03:06:51 +0000] [22] [INFO] Worker exiting (pid: 22)
[2020-02-02 03:06:51 +0000] [21] [INFO] Worker exiting (pid: 21)
[2020-02-02 03:06:52 +0000] [23] [INFO] Worker reloading: /app/app/search.py modified
[2020-02-02 03:06:52 +0000] [23] [INFO] Worker exiting (pid: 23)
[2020-02-02 03:06:52 +0000] [24] [INFO] Booting worker with pid: 24
[2020-02-02 03:06:52 +0000] [25] [INFO] Booting worker with pid: 25
[2020-02-02 03:06:53 +0000] [26] [INFO] Booting worker with pid: 26
[2020-02-02 03:08:11 +0000] [9] [INFO] Starting gunicorn 20.0.4
[2020-02-02 03:08:11 +0000] [9] [INFO] Listening at: http://0.0.0.0:7777 (9)
[2020-02-02 03:08:11 +0000] [9] [INFO] Using worker: gevent
[2020-02-02 03:08:11 +0000] [16] [INFO] Booting worker with pid: 16
[2020-02-02 03:08:11 +0000] [17] [INFO] Booting worker with pid: 17
[2020-02-02 03:08:11 +0000] [18] [INFO] Booting worker with pid: 18
[2020-02-02 03:11:11 +0000] [17] [INFO] Worker reloading: /app/app/search.py modified
[2020-02-02 03:11:11 +0000] [17] [INFO] Worker exiting (pid: 17)
[2020-02-02 03:11:11 +0000] [16] [INFO] Worker reloading: /app/app/search.py modified
[2020-02-02 03:11:11 +0000] [16] [INFO] Worker exiting (pid: 16)
[2020-02-02 03:11:11 +0000] [18] [INFO] Worker reloading: /app/app/search.py modified
[2020-02-02 03:11:11 +0000] [18] [INFO] Worker exiting (pid: 18)
[2020-02-02 03:11:12 +0000] [22] [INFO] Booting worker with pid: 22
[2020-02-02 03:11:12 +0000] [23] [INFO] Booting worker with pid: 23
[2020-02-02 03:11:12 +0000] [24] [INFO] Booting worker with pid: 24
[2020-02-02 03:12:31 +0000] [10] [INFO] Starting gunicorn 20.0.4
[2020-02-02 03:12:31 +0000] [10] [INFO] Listening at: http://0.0.0.0:7777 (10)
[2020-02-02 03:12:31 +0000] [10] [INFO] Using worker: gevent
[2020-02-02 03:12:31 +0000] [17] [INFO] Booting worker with pid: 17
[2020-02-02 03:12:31 +0000] [18] [INFO] Booting worker with pid: 18
[2020-02-02 03:12:31 +0000] [19] [INFO] Booting worker with pid: 19
[2020-02-02 06:27:27 +0000] [18] [INFO] Worker reloading: /app/app/search.py modified
[2020-02-02 06:27:27 +0000] [18] [INFO] Worker exiting (pid: 18)
[2020-02-02 06:27:27 +0000] [17] [INFO] Worker reloading: /app/app/search.py modified
[2020-02-02 06:27:27 +0000] [17] [INFO] Worker exiting (pid: 17)
[2020-02-02 06:27:27 +0000] [19] [INFO] Worker reloading: /app/app/search.py modified
[2020-02-02 06:27:28 +0000] [24] [INFO] Booting worker with pid: 24
[2020-02-02 06:27:28 +0000] [25] [INFO] Booting worker with pid: 25
[2020-02-02 06:27:29 +0000] [19] [INFO] Worker exiting (pid: 19)
[2020-02-02 06:27:31 +0000] [27] [INFO] Booting worker with pid: 27
[2020-02-02 06:29:05 +0000] [10] [INFO] Starting gunicorn 20.0.4
[2020-02-02 06:29:05 +0000] [10] [INFO] Listening at: http://0.0.0.0:7777 (10)
[2020-02-02 06:29:05 +0000] [10] [INFO] Using worker: gevent
[2020-02-02 06:29:05 +0000] [17] [INFO] Booting worker with pid: 17
[2020-02-02 06:29:05 +0000] [18] [INFO] Booting worker with pid: 18
[2020-02-02 06:29:05 +0000] [19] [INFO] Booting worker with pid: 19
[2020-02-02 06:33:01 +0000] [19] [INFO] Worker reloading: /app/app/search.py modified
[2020-02-02 06:33:01 +0000] [19] [INFO] Worker exiting (pid: 19)
[2020-02-02 06:33:02 +0000] [17] [INFO] Worker reloading: /app/app/search.py modified
[2020-02-02 06:33:02 +0000] [17] [INFO] Worker exiting (pid: 17)
[2020-02-02 06:33:02 +0000] [18] [INFO] Worker reloading: /app/app/search.py modified
[2020-02-02 06:33:02 +0000] [18] [INFO] Worker exiting (pid: 18)
[2020-02-02 06:33:03 +0000] [23] [INFO] Booting worker with pid: 23
[2020-02-02 06:33:03 +0000] [24] [INFO] Booting worker with pid: 24
[2020-02-02 06:33:03 +0000] [25] [INFO] Booting worker with pid: 25
[2020-02-02 06:34:22 +0000] [10] [INFO] Starting gunicorn 20.0.4
[2020-02-02 06:34:22 +0000] [10] [INFO] Listening at: http://0.0.0.0:7777 (10)
[2020-02-02 06:34:22 +0000] [10] [INFO] Using worker: gevent
[2020-02-02 06:34:22 +0000] [17] [INFO] Booting worker with pid: 17
[2020-02-02 06:34:22 +0000] [18] [INFO] Booting worker with pid: 18
[2020-02-02 06:34:22 +0000] [19] [INFO] Booting worker with pid: 19
[2020-02-02 09:53:07 +0000] [18] [INFO] Worker reloading: /app/app/search.py modified
[2020-02-02 09:53:07 +0000] [18] [INFO] Worker exiting (pid: 18)
[2020-02-02 09:53:07 +0000] [17] [INFO] Worker reloading: /app/app/search.py modified
[2020-02-02 09:53:07 +0000] [19] [INFO] Worker reloading: /app/app/search.py modified
[2020-02-02 09:53:07 +0000] [19] [INFO] Worker exiting (pid: 19)
[2020-02-02 09:53:07 +0000] [17] [INFO] Worker exiting (pid: 17)
[2020-02-02 09:53:09 +0000] [23] [INFO] Booting worker with pid: 23
[2020-02-02 09:53:09 +0000] [24] [INFO] Booting worker with pid: 24
[2020-02-02 09:53:09 +0000] [25] [INFO] Booting worker with pid: 25
[2020-02-02 09:54:30 +0000] [9] [INFO] Starting gunicorn 20.0.4
[2020-02-02 09:54:30 +0000] [9] [INFO] Listening at: http://0.0.0.0:7777 (9)
[2020-02-02 09:54:30 +0000] [9] [INFO] Using worker: gevent
[2020-02-02 09:54:30 +0000] [16] [INFO] Booting worker with pid: 16
[2020-02-02 09:54:30 +0000] [17] [INFO] Booting worker with pid: 17
[2020-02-02 09:54:30 +0000] [18] [INFO] Booting worker with pid: 18
[2020-02-02 10:25:08 +0000] [17] [INFO] Worker reloading: /app/app/search.py modified
[2020-02-02 10:25:08 +0000] [17] [INFO] Worker exiting (pid: 17)
[2020-02-02 10:25:08 +0000] [16] [INFO] Worker reloading: /app/app/search.py modified
[2020-02-02 10:25:08 +0000] [16] [INFO] Worker exiting (pid: 16)
[2020-02-02 10:25:09 +0000] [18] [INFO] Worker reloading: /app/app/search.py modified
[2020-02-02 10:25:09 +0000] [18] [INFO] Worker exiting (pid: 18)
[2020-02-02 10:25:09 +0000] [22] [INFO] Booting worker with pid: 22
[2020-02-02 10:25:09 +0000] [23] [INFO] Booting worker with pid: 23
[2020-02-02 10:25:10 +0000] [24] [INFO] Booting worker with pid: 24
[2020-02-02 10:27:08 +0000] [22] [INFO] Worker reloading: /app/app/search.py modified
[2020-02-02 10:27:08 +0000] [22] [INFO] Worker exiting (pid: 22)
[2020-02-02 10:27:08 +0000] [23] [INFO] Worker reloading: /app/app/search.py modified
[2020-02-02 10:27:08 +0000] [23] [INFO] Worker exiting (pid: 23)
[2020-02-02 10:27:09 +0000] [24] [INFO] Worker reloading: /app/app/search.py modified
[2020-02-02 10:27:09 +0000] [24] [INFO] Worker exiting (pid: 24)
[2020-02-02 10:27:09 +0000] [25] [INFO] Booting worker with pid: 25
[2020-02-02 10:27:09 +0000] [26] [INFO] Booting worker with pid: 26
[2020-02-02 10:27:10 +0000] [27] [INFO] Booting worker with pid: 27
[2020-02-02 10:29:09 +0000] [27] [INFO] Worker reloading: /app/app/search.py modified
[2020-02-02 10:29:09 +0000] [27] [INFO] Worker exiting (pid: 27)
[2020-02-02 10:29:09 +0000] [25] [INFO] Worker reloading: /app/app/search.py modified
[2020-02-02 10:29:09 +0000] [25] [INFO] Worker exiting (pid: 25)
[2020-02-02 10:29:09 +0000] [26] [INFO] Worker reloading: /app/app/search.py modified
[2020-02-02 10:29:09 +0000] [26] [INFO] Worker exiting (pid: 26)
[2020-02-02 10:29:10 +0000] [28] [INFO] Booting worker with pid: 28
[2020-02-02 10:29:10 +0000] [29] [INFO] Booting worker with pid: 29
[2020-02-02 10:29:10 +0000] [30] [INFO] Booting worker with pid: 30
[2020-02-02 10:46:01 +0000] [30] [INFO] Worker reloading: /app/app/search.py modified
[2020-02-02 10:46:01 +0000] [30] [INFO] Worker exiting (pid: 30)
[2020-02-02 10:46:01 +0000] [29] [INFO] Worker reloading: /app/app/search.py modified
[2020-02-02 10:46:01 +0000] [29] [INFO] Worker exiting (pid: 29)
[2020-02-02 10:46:01 +0000] [28] [INFO] Worker reloading: /app/app/search.py modified
[2020-02-02 10:46:01 +0000] [28] [INFO] Worker exiting (pid: 28)
[2020-02-02 10:46:02 +0000] [31] [INFO] Booting worker with pid: 31
[2020-02-02 10:46:02 +0000] [32] [INFO] Booting worker with pid: 32
[2020-02-02 10:46:02 +0000] [33] [INFO] Booting worker with pid: 33
[2020-02-02 10:48:01 +0000] [31] [INFO] Worker reloading: /app/app/search.py modified
[2020-02-02 10:48:01 +0000] [31] [INFO] Worker exiting (pid: 31)
[2020-02-02 10:48:01 +0000] [32] [INFO] Worker reloading: /app/app/search.py modified
[2020-02-02 10:48:01 +0000] [32] [INFO] Worker exiting (pid: 32)
[2020-02-02 10:48:01 +0000] [33] [INFO] Worker reloading: /app/app/search.py modified
[2020-02-02 10:48:01 +0000] [33] [INFO] Worker exiting (pid: 33)
[2020-02-02 10:48:02 +0000] [36] [INFO] Booting worker with pid: 36
[2020-02-02 10:48:02 +0000] [37] [INFO] Booting worker with pid: 37
[2020-02-02 10:48:02 +0000] [38] [INFO] Booting worker with pid: 38
[2020-02-02 10:50:01 +0000] [36] [INFO] Worker reloading: /app/app/search.py modified
[2020-02-02 10:50:01 +0000] [36] [INFO] Worker exiting (pid: 36)
[2020-02-02 10:50:01 +0000] [37] [INFO] Worker reloading: /app/app/search.py modified
[2020-02-02 10:50:01 +0000] [37] [INFO] Worker exiting (pid: 37)
[2020-02-02 10:50:01 +0000] [38] [INFO] Worker reloading: /app/app/search.py modified
[2020-02-02 10:50:01 +0000] [38] [INFO] Worker exiting (pid: 38)
[2020-02-02 10:50:02 +0000] [39] [INFO] Booting worker with pid: 39
[2020-02-02 10:50:02 +0000] [40] [INFO] Booting worker with pid: 40
[2020-02-02 10:50:02 +0000] [41] [INFO] Booting worker with pid: 41
[2020-02-02 10:52:01 +0000] [41] [INFO] Worker reloading: /app/app/search.py modified
[2020-02-02 10:52:01 +0000] [41] [INFO] Worker exiting (pid: 41)
[2020-02-02 10:52:02 +0000] [39] [INFO] Worker reloading: /app/app/search.py modified
[2020-02-02 10:52:02 +0000] [39] [INFO] Worker exiting (pid: 39)
[2020-02-02 10:52:02 +0000] [40] [INFO] Worker reloading: /app/app/search.py modified
[2020-02-02 10:52:02 +0000] [40] [INFO] Worker exiting (pid: 40)
[2020-02-02 10:52:02 +0000] [42] [INFO] Booting worker with pid: 42
[2020-02-02 10:52:03 +0000] [43] [INFO] Booting worker with pid: 43
[2020-02-02 10:52:03 +0000] [44] [INFO] Booting worker with pid: 44
[2020-02-02 10:58:01 +0000] [43] [INFO] Worker reloading: /app/app/search.py modified
[2020-02-02 10:58:01 +0000] [43] [INFO] Worker exiting (pid: 43)
[2020-02-02 10:58:01 +0000] [42] [INFO] Worker reloading: /app/app/search.py modified
[2020-02-02 10:58:01 +0000] [44] [INFO] Worker reloading: /app/app/search.py modified
[2020-02-02 10:58:01 +0000] [42] [INFO] Worker exiting (pid: 42)
[2020-02-02 10:58:01 +0000] [44] [INFO] Worker exiting (pid: 44)
[2020-02-02 10:58:02 +0000] [45] [INFO] Booting worker with pid: 45
[2020-02-02 10:58:02 +0000] [46] [INFO] Booting worker with pid: 46
[2020-02-02 10:58:03 +0000] [47] [INFO] Booting worker with pid: 47
[2020-02-02 10:59:01 +0000] [45] [INFO] Worker reloading: /app/app/search.py modified
[2020-02-02 10:59:01 +0000] [45] [INFO] Worker exiting (pid: 45)
[2020-02-02 10:59:02 +0000] [46] [INFO] Worker reloading: /app/app/search.py modified
[2020-02-02 10:59:02 +0000] [46] [INFO] Worker exiting (pid: 46)
[2020-02-02 10:59:02 +0000] [47] [INFO] Worker reloading: /app/app/search.py modified
[2020-02-02 10:59:02 +0000] [47] [INFO] Worker exiting (pid: 47)
[2020-02-02 10:59:02 +0000] [48] [INFO] Booting worker with pid: 48
[2020-02-02 10:59:03 +0000] [49] [INFO] Booting worker with pid: 49
[2020-02-02 10:59:03 +0000] [50] [INFO] Booting worker with pid: 50
[2020-02-02 11:00:17 +0000] [9] [INFO] Starting gunicorn 20.0.4
[2020-02-02 11:00:17 +0000] [9] [INFO] Listening at: http://0.0.0.0:7777 (9)
[2020-02-02 11:00:17 +0000] [9] [INFO] Using worker: gevent
[2020-02-02 11:00:17 +0000] [16] [INFO] Booting worker with pid: 16
[2020-02-02 11:00:17 +0000] [17] [INFO] Booting worker with pid: 17
[2020-02-02 11:00:17 +0000] [18] [INFO] Booting worker with pid: 18
[2020-02-02 11:08:06 +0000] [16] [INFO] Worker reloading: /app/app/search.py modified
[2020-02-02 11:08:06 +0000] [16] [INFO] Worker exiting (pid: 16)
[2020-02-02 11:08:07 +0000] [17] [INFO] Worker reloading: /app/app/search.py modified
[2020-02-02 11:08:07 +0000] [17] [INFO] Worker exiting (pid: 17)
[2020-02-02 11:08:07 +0000] [18] [INFO] Worker reloading: /app/app/search.py modified
[2020-02-02 11:08:07 +0000] [18] [INFO] Worker exiting (pid: 18)
[2020-02-02 11:08:07 +0000] [22] [INFO] Booting worker with pid: 22
[2020-02-02 11:08:08 +0000] [23] [INFO] Booting worker with pid: 23
[2020-02-02 11:08:08 +0000] [24] [INFO] Booting worker with pid: 24
[2020-02-02 11:09:32 +0000] [11] [INFO] Starting gunicorn 20.0.4
[2020-02-02 11:09:32 +0000] [11] [INFO] Listening at: http://0.0.0.0:7777 (11)
[2020-02-02 11:09:32 +0000] [11] [INFO] Using worker: gevent
[2020-02-02 11:09:32 +0000] [18] [INFO] Booting worker with pid: 18
[2020-02-02 11:09:32 +0000] [19] [INFO] Booting worker with pid: 19
[2020-02-02 11:09:32 +0000] [20] [INFO] Booting worker with pid: 20
[2020-02-02 11:11:02 +0000] [9] [INFO] Starting gunicorn 20.0.4
[2020-02-02 11:11:02 +0000] [9] [INFO] Listening at: http://0.0.0.0:7777 (9)
[2020-02-02 11:11:02 +0000] [9] [INFO] Using worker: gevent
[2020-02-02 11:11:02 +0000] [16] [INFO] Booting worker with pid: 16
[2020-02-02 11:11:02 +0000] [17] [INFO] Booting worker with pid: 17
[2020-02-02 11:11:02 +0000] [18] [INFO] Booting worker with pid: 18
[2020-02-02 11:13:09 +0000] [16] [INFO] Worker reloading: /app/app/search.py modified
[2020-02-02 11:13:09 +0000] [16] [INFO] Worker exiting (pid: 16)
[2020-02-02 11:13:09 +0000] [17] [INFO] Worker reloading: /app/app/search.py modified
[2020-02-02 11:13:09 +0000] [17] [INFO] Worker exiting (pid: 17)
[2020-02-02 11:13:10 +0000] [18] [INFO] Worker reloading: /app/app/search.py modified
[2020-02-02 11:13:10 +0000] [18] [INFO] Worker exiting (pid: 18)
[2020-02-02 11:13:10 +0000] [22] [INFO] Booting worker with pid: 22
[2020-02-02 11:13:10 +0000] [23] [INFO] Booting worker with pid: 23
[2020-02-02 11:13:11 +0000] [24] [INFO] Booting worker with pid: 24
[2020-02-02 11:15:09 +0000] [22] [INFO] Worker reloading: /app/app/search.py modified
[2020-02-02 11:15:09 +0000] [23] [INFO] Worker reloading: /app/app/search.py modified
[2020-02-02 11:15:09 +0000] [24] [INFO] Worker reloading: /app/app/search.py modified
[2020-02-02 11:15:09 +0000] [23] [INFO] Worker exiting (pid: 23)
[2020-02-02 11:15:09 +0000] [24] [INFO] Worker exiting (pid: 24)
[2020-02-02 11:15:09 +0000] [22] [INFO] Worker exiting (pid: 22)
[2020-02-02 11:15:11 +0000] [25] [INFO] Booting worker with pid: 25
[2020-02-02 11:15:12 +0000] [26] [INFO] Booting worker with pid: 26
[2020-02-02 11:15:12 +0000] [27] [INFO] Booting worker with pid: 27
[2020-02-02 11:17:09 +0000] [25] [INFO] Worker reloading: /app/app/search.py modified
[2020-02-02 11:17:09 +0000] [25] [INFO] Worker exiting (pid: 25)
[2020-02-02 11:17:09 +0000] [27] [INFO] Worker reloading: /app/app/search.py modified
[2020-02-02 11:17:09 +0000] [27] [INFO] Worker exiting (pid: 27)
[2020-02-02 11:17:09 +0000] [26] [INFO] Worker reloading: /app/app/search.py modified
[2020-02-02 11:17:09 +0000] [26] [INFO] Worker exiting (pid: 26)
[2020-02-02 11:17:10 +0000] [29] [INFO] Booting worker with pid: 29
[2020-02-02 11:17:10 +0000] [30] [INFO] Booting worker with pid: 30
[2020-02-02 11:17:10 +0000] [31] [INFO] Booting worker with pid: 31
[2020-02-02 11:17:57 +0000] [29] [INFO] Worker reloading: /app/app/search.py modified
[2020-02-02 11:17:57 +0000] [29] [INFO] Worker exiting (pid: 29)
[2020-02-02 11:17:57 +0000] [30] [INFO] Worker reloading: /app/app/search.py modified
[2020-02-02 11:17:57 +0000] [30] [INFO] Worker exiting (pid: 30)
[2020-02-02 11:17:57 +0000] [31] [INFO] Worker reloading: /app/app/search.py modified
[2020-02-02 11:17:57 +0000] [31] [INFO] Worker exiting (pid: 31)
[2020-02-02 11:17:59 +0000] [33] [INFO] Booting worker with pid: 33
[2020-02-02 11:17:59 +0000] [35] [INFO] Booting worker with pid: 35
[2020-02-02 11:17:59 +0000] [36] [INFO] Booting worker with pid: 36
[2020-02-02 11:18:07 +0000] [36] [INFO] Worker reloading: /app/app/search.py modified
[2020-02-02 11:18:07 +0000] [36] [INFO] Worker exiting (pid: 36)
[2020-02-02 11:18:07 +0000] [35] [INFO] Worker reloading: /app/app/search.py modified
[2020-02-02 11:18:07 +0000] [35] [INFO] Worker exiting (pid: 35)
[2020-02-02 11:18:07 +0000] [33] [INFO] Worker reloading: /app/app/search.py modified
[2020-02-02 11:18:07 +0000] [33] [INFO] Worker exiting (pid: 33)
[2020-02-02 11:18:09 +0000] [39] [INFO] Booting worker with pid: 39
[2020-02-02 11:18:09 +0000] [40] [INFO] Booting worker with pid: 40
[2020-02-02 11:18:09 +0000] [41] [INFO] Booting worker with pid: 41
[2020-02-02 11:19:36 +0000] [9] [INFO] Starting gunicorn 20.0.4
[2020-02-02 11:19:36 +0000] [9] [INFO] Listening at: http://0.0.0.0:7777 (9)
[2020-02-02 11:19:36 +0000] [9] [INFO] Using worker: gevent
[2020-02-02 11:19:36 +0000] [16] [INFO] Booting worker with pid: 16
[2020-02-02 11:19:36 +0000] [17] [INFO] Booting worker with pid: 17
[2020-02-02 11:19:36 +0000] [18] [INFO] Booting worker with pid: 18
[2020-02-02 11:20:22 +0000] [16] [INFO] Worker reloading: /app/app/search.py modified
[2020-02-02 11:20:22 +0000] [16] [INFO] Worker exiting (pid: 16)
[2020-02-02 11:20:22 +0000] [17] [INFO] Worker reloading: /app/app/search.py modified
[2020-02-02 11:20:22 +0000] [18] [INFO] Worker reloading: /app/app/search.py modified
[2020-02-02 11:20:22 +0000] [18] [INFO] Worker exiting (pid: 18)
[2020-02-02 11:20:22 +0000] [17] [INFO] Worker exiting (pid: 17)
[2020-02-02 11:20:23 +0000] [20] [INFO] Booting worker with pid: 20
[2020-02-02 11:20:24 +0000] [21] [INFO] Booting worker with pid: 21
[2020-02-02 11:20:25 +0000] [22] [INFO] Booting worker with pid: 22
[2020-02-02 11:21:45 +0000] [9] [INFO] Starting gunicorn 20.0.4
[2020-02-02 11:21:45 +0000] [9] [INFO] Listening at: http://0.0.0.0:7777 (9)
[2020-02-02 11:21:45 +0000] [9] [INFO] Using worker: gevent
[2020-02-02 11:21:45 +0000] [16] [INFO] Booting worker with pid: 16
[2020-02-02 11:21:45 +0000] [17] [INFO] Booting worker with pid: 17
[2020-02-02 11:21:45 +0000] [18] [INFO] Booting worker with pid: 18
[2020-02-02 11:38:05 +0000] [18] [INFO] Worker reloading: /app/app/search.py modified
[2020-02-02 11:38:05 +0000] [18] [INFO] Worker exiting (pid: 18)
[2020-02-02 11:38:05 +0000] [17] [INFO] Worker reloading: /app/app/search.py modified
[2020-02-02 11:38:05 +0000] [17] [INFO] Worker exiting (pid: 17)
[2020-02-02 11:38:05 +0000] [16] [INFO] Worker reloading: /app/app/search.py modified
[2020-02-02 11:38:05 +0000] [16] [INFO] Worker exiting (pid: 16)
[2020-02-02 11:38:06 +0000] [21] [INFO] Booting worker with pid: 21
[2020-02-02 11:38:06 +0000] [22] [INFO] Booting worker with pid: 22
[2020-02-02 11:38:07 +0000] [23] [INFO] Booting worker with pid: 23
[2020-02-02 11:39:21 +0000] [21] [INFO] Worker reloading: /app/app/search.py modified
[2020-02-02 11:39:21 +0000] [21] [INFO] Worker exiting (pid: 21)
[2020-02-02 11:39:22 +0000] [22] [INFO] Worker reloading: /app/app/search.py modified
[2020-02-02 11:39:22 +0000] [22] [INFO] Worker exiting (pid: 22)
[2020-02-02 11:39:22 +0000] [23] [INFO] Worker reloading: /app/app/search.py modified
[2020-02-02 11:39:22 +0000] [23] [INFO] Worker exiting (pid: 23)
[2020-02-02 11:39:23 +0000] [24] [INFO] Booting worker with pid: 24
[2020-02-02 11:39:23 +0000] [25] [INFO] Booting worker with pid: 25
[2020-02-02 11:39:23 +0000] [26] [INFO] Booting worker with pid: 26
[2020-02-02 11:40:49 +0000] [10] [INFO] Starting gunicorn 20.0.4
[2020-02-02 11:40:49 +0000] [10] [INFO] Listening at: http://0.0.0.0:7777 (10)
[2020-02-02 11:40:49 +0000] [10] [INFO] Using worker: gevent
[2020-02-02 11:40:49 +0000] [17] [INFO] Booting worker with pid: 17
[2020-02-02 11:40:49 +0000] [18] [INFO] Booting worker with pid: 18
[2020-02-02 11:40:49 +0000] [19] [INFO] Booting worker with pid: 19
[2020-02-02 11:58:21 +0000] [19] [INFO] Worker reloading: /app/app/search.py modified
[2020-02-02 11:58:21 +0000] [19] [INFO] Worker exiting (pid: 19)
[2020-02-02 11:58:21 +0000] [18] [INFO] Worker reloading: /app/app/search.py modified
[2020-02-02 11:58:21 +0000] [18] [INFO] Worker exiting (pid: 18)
[2020-02-02 11:58:21 +0000] [17] [INFO] Worker reloading: /app/app/search.py modified
[2020-02-02 11:58:21 +0000] [17] [INFO] Worker exiting (pid: 17)
[2020-02-02 11:58:22 +0000] [23] [INFO] Booting worker with pid: 23
[2020-02-02 11:58:22 +0000] [24] [INFO] Booting worker with pid: 24
[2020-02-02 11:58:22 +0000] [25] [INFO] Booting worker with pid: 25
[2020-02-02 12:00:25 +0000] [9] [INFO] Starting gunicorn 20.0.4
[2020-02-02 12:00:25 +0000] [9] [INFO] Listening at: http://0.0.0.0:7777 (9)
[2020-02-02 12:00:25 +0000] [9] [INFO] Using worker: gevent
[2020-02-02 12:00:25 +0000] [16] [INFO] Booting worker with pid: 16
[2020-02-02 12:00:25 +0000] [17] [INFO] Booting worker with pid: 17
[2020-02-02 12:00:25 +0000] [18] [INFO] Booting worker with pid: 18
